<?xml version="1.0" encoding="UTF-8"?>
<testng-results ignored="0" total="5" passed="5" failed="0" skipped="0">
  <reporter-output>
  </reporter-output>
  <suite started-at="2022-02-21T04:27:14Z" name="Default suite" finished-at="2022-02-21T04:27:28Z" duration-ms="14747">
    <groups>
    </groups>
    <test started-at="2022-02-21T04:27:14Z" name="Default test" finished-at="2022-02-21T04:27:28Z" duration-ms="14747">
      <class name="com.test.tests.TekarchApiTestScriptE2E">
        <test-method signature="TC01Login()[pri:0, instance:com.test.tests.TekarchApiTestScriptE2E@1de5f259]" started-at="2022-02-21T04:27:14Z" name="TC01Login" finished-at="2022-02-21T04:27:17Z" duration-ms="3001" status="PASS">
          <reporter-output>
          </reporter-output>
        </test-method> <!-- TC01Login -->
        <test-method signature="TC02Getuser()[pri:0, instance:com.test.tests.TekarchApiTestScriptE2E@1de5f259]" started-at="2022-02-21T04:27:17Z" name="TC02Getuser" finished-at="2022-02-21T04:27:24Z" duration-ms="7467" status="PASS">
          <reporter-output>
          </reporter-output>
        </test-method> <!-- TC02Getuser -->
        <test-method signature="TC03Add()[pri:0, instance:com.test.tests.TekarchApiTestScriptE2E@1de5f259]" started-at="2022-02-21T04:27:24Z" name="TC03Add" finished-at="2022-02-21T04:27:25Z" duration-ms="890" status="PASS">
          <reporter-output>
          </reporter-output>
        </test-method> <!-- TC03Add -->
        <test-method signature="TC04Update()[pri:0, instance:com.test.tests.TekarchApiTestScriptE2E@1de5f259]" started-at="2022-02-21T04:27:25Z" name="TC04Update" finished-at="2022-02-21T04:27:28Z" duration-ms="2890" status="PASS">
          <reporter-output>
          </reporter-output>
        </test-method> <!-- TC04Update -->
        <test-method signature="TC05Delete()[pri:0, instance:com.test.tests.TekarchApiTestScriptE2E@1de5f259]" started-at="2022-02-21T04:27:28Z" name="TC05Delete" finished-at="2022-02-21T04:27:28Z" duration-ms="446" status="PASS">
          <reporter-output>
          </reporter-output>
        </test-method> <!-- TC05Delete -->
      </class> <!-- com.test.tests.TekarchApiTestScriptE2E -->
    </test> <!-- Default test -->
  </suite> <!-- Default suite -->
</testng-results>
