<?xml version="1.0" encoding="UTF-8"?>
<!-- Generated by org.testng.reporters.JUnitXMLReporter -->
<testsuite ignored="0" hostname="eepsas-MacBook-Pro.local" failures="0" tests="5" name="Default test" time="14.747" errors="0" timestamp="21 Feb 2022 04:27:33 GMT">
  <testcase classname="com.test.tests.TekarchApiTestScriptE2E" name="TC01Login" time="3.001"/>
  <testcase classname="com.test.tests.TekarchApiTestScriptE2E" name="TC02Getuser" time="7.467"/>
  <testcase classname="com.test.tests.TekarchApiTestScriptE2E" name="TC03Add" time="0.89"/>
  <testcase classname="com.test.tests.TekarchApiTestScriptE2E" name="TC04Update" time="2.89"/>
  <testcase classname="com.test.tests.TekarchApiTestScriptE2E" name="TC05Delete" time="0.446"/>
</testsuite> <!-- Default test -->
